<?xml version="1.0" encoding="UTF-8"?>
<testsuite name="Cucumber" time="51.597" tests="1" skipped="0" failures="1" errors="0">
<testcase classname="VerifyAddressDetailsİnCheckoutPage" name="VerifyAddressDetailsİnCheckoutPage" time="51.172">
<failure type="org.openqa.selenium.NoSuchElementException" message="no such element: Unable to locate element: {&quot;method&quot;:&quot;xpath&quot;,&quot;selector&quot;:&quot;//a[.='Continue']&quot;}
  (Session info: chrome=110.0.5481.178)
For documentation on this error, please visit: https://selenium.dev/exceptions/#no_such_element
Build info: version: '4.8.1', revision: '8ebccac989'
System info: os.name: 'Windows 11', os.arch: 'amd64', os.version: '10.0', java.version: '19.0.1'
Driver info: org.openqa.selenium.chrome.ChromeDriver
Command: [dbc457741b083a97693abd0f74c3d6d1, findElement {using=xpath, value=//a[.='Continue']}]
Capabilities {acceptInsecureCerts: false, browserName: chrome, browserVersion: 110.0.5481.178, chrome: {chromedriverVersion: 110.0.5481.77 (65ed616c6e8e..., userDataDir: C:\Users\Lenovo\AppData\Loc...}, goog:chromeOptions: {debuggerAddress: localhost:62128}, networkConnectionEnabled: false, pageLoadStrategy: normal, platformName: WINDOWS, proxy: Proxy(), se:cdp: ws://localhost:62128/devtoo..., se:cdpVersion: 110.0.5481.178, setWindowRect: true, strictFileInteractability: false, timeouts: {implicit: 0, pageLoad: 300000, script: 30000}, unhandledPromptBehavior: dismiss and notify, webauthn:extension:credBlob: true, webauthn:extension:largeBlob: true, webauthn:virtualAuthenticators: true}
Session ID: dbc457741b083a97693abd0f74c3d6d1">
<![CDATA[org.openqa.selenium.NoSuchElementException: no such element: Unable to locate element: {"method":"xpath","selector":"//a[.='Continue']"}
  (Session info: chrome=110.0.5481.178)
For documentation on this error, please visit: https://selenium.dev/exceptions/#no_such_element
Build info: version: '4.8.1', revision: '8ebccac989'
System info: os.name: 'Windows 11', os.arch: 'amd64', os.version: '10.0', java.version: '19.0.1'
Driver info: org.openqa.selenium.chrome.ChromeDriver
Command: [dbc457741b083a97693abd0f74c3d6d1, findElement {using=xpath, value=//a[.='Continue']}]
Capabilities {acceptInsecureCerts: false, browserName: chrome, browserVersion: 110.0.5481.178, chrome: {chromedriverVersion: 110.0.5481.77 (65ed616c6e8e..., userDataDir: C:\Users\Lenovo\AppData\Loc...}, goog:chromeOptions: {debuggerAddress: localhost:62128}, networkConnectionEnabled: false, pageLoadStrategy: normal, platformName: WINDOWS, proxy: Proxy(), se:cdp: ws://localhost:62128/devtoo..., se:cdpVersion: 110.0.5481.178, setWindowRect: true, strictFileInteractability: false, timeouts: {implicit: 0, pageLoad: 300000, script: 30000}, unhandledPromptBehavior: dismiss and notify, webauthn:extension:credBlob: true, webauthn:extension:largeBlob: true, webauthn:virtualAuthenticators: true}
Session ID: dbc457741b083a97693abd0f74c3d6d1
	at java.base/jdk.internal.reflect.DirectConstructorHandleAccessor.newInstance(DirectConstructorHandleAccessor.java:67)
	at java.base/java.lang.reflect.Constructor.newInstanceWithCaller(Constructor.java:500)
	at java.base/java.lang.reflect.Constructor.newInstance(Constructor.java:484)
	at org.openqa.selenium.remote.codec.w3c.W3CHttpResponseCodec.createException(W3CHttpResponseCodec.java:200)
	at org.openqa.selenium.remote.codec.w3c.W3CHttpResponseCodec.decode(W3CHttpResponseCodec.java:133)
	at org.openqa.selenium.remote.codec.w3c.W3CHttpResponseCodec.decode(W3CHttpResponseCodec.java:53)
	at org.openqa.selenium.remote.HttpCommandExecutor.execute(HttpCommandExecutor.java:184)
	at org.openqa.selenium.remote.service.DriverCommandExecutor.invokeExecute(DriverCommandExecutor.java:167)
	at org.openqa.selenium.remote.service.DriverCommandExecutor.execute(DriverCommandExecutor.java:142)
	at org.openqa.selenium.remote.RemoteWebDriver.execute(RemoteWebDriver.java:543)
	at org.openqa.selenium.remote.ElementLocation$ElementFinder$2.findElement(ElementLocation.java:162)
	at org.openqa.selenium.remote.ElementLocation.findElement(ElementLocation.java:60)
	at org.openqa.selenium.remote.RemoteWebDriver.findElement(RemoteWebDriver.java:352)
	at org.openqa.selenium.remote.RemoteWebDriver.findElement(RemoteWebDriver.java:344)
	at org.openqa.selenium.support.pagefactory.DefaultElementLocator.findElement(DefaultElementLocator.java:70)
	at org.openqa.selenium.support.pagefactory.internal.LocatingElementHandler.invoke(LocatingElementHandler.java:39)
	at jdk.proxy2/jdk.proxy2.$Proxy27.click(Unknown Source)
	at stepdefinitions.T14_RegisterWhileCheckoutStepDefinitions.verifyACCOUNTDELETEDAndClickContinueButton(T14_RegisterWhileCheckoutStepDefinitions.java:108)
	at ✽.Verify ACCOUNT DELETED! and click Continue button(file:///C:/Users/Public/com.automationexerciseCucumber/./src/test/resources/features/test_case23.feature:44)
]]>
</failure>
<system-out><![CDATA[
Given Navigate to url 'http://automationexercise.com'.......................passed
And Verify that home page is visible successfully...........................passed
And Click on Signup_Login button............................................passed
And Enter name "goksl5255"..................................................passed
And Enter email address "goksel15@celik.com"................................passed
And Click Signup button.....................................................passed
And Verify that ENTER ACCOUNT INFORMATION is visible........................passed
And Enter Title select......................................................passed
And Enter Register name "ferhat"............................................passed
And Enter password "123456".................................................passed
And Enter day of birth "5"..................................................passed
And Enter month of birth "April"............................................passed
And Enter year of birth "1985"..............................................passed
And Select checkbox Sign up for our newsletter!.............................passed
And Select checkbox Receive special offers from our partners!...............passed
And Enter firstname "ferhat"................................................passed
And Enter lastname  "bay"...................................................passed
And Enter company "tech"....................................................passed
And Enter adressOne "carsamba"..............................................passed
And Enter adressTwo "camas".................................................passed
And Enter country "Canada"..................................................passed
And Enter state "akkus".....................................................passed
And Enter city "ordu".......................................................passed
And Enter zipcode "52300"...................................................passed
And Enter mobile number "05017202125".......................................passed
And Click Create Account button.............................................passed
And Verify that ACCOUNT CREATED! is visible.................................passed
And Click Continue button...................................................passed
And Verify that Logged in as username is visible............................passed
And Add products to cart....................................................passed
And Click View Cart button..................................................passed
And Click Cart button.......................................................passed
And Verify that cart page is displayed......................................passed
And Click Proceed To Checkout...............................................passed
And Verify that the delivery address is same address filled at the time registration of account.passed
And Verify that the billing address is same address filled at the time registration of account.passed
And Click Delete Account button.............................................passed
Then Verify ACCOUNT DELETED! and click Continue button......................failed
]]></system-out>
</testcase>
</testsuite>
